
*** Running vivado
    with args -log design_1_c_addsub_0_0.vds -m64 -product Vivado -mode batch -messageDb vivado.pb -notrace -source design_1_c_addsub_0_0.tcl


****** Vivado v2018.2 (64-bit)
  **** SW Build 2258646 on Thu Jun 14 20:03:12 MDT 2018
  **** IP Build 2256618 on Thu Jun 14 22:10:49 MDT 2018
    ** Copyright 1986-2018 Xilinx, Inc. All Rights Reserved.

source design_1_c_addsub_0_0.tcl -notrace
Command: synth_design -top design_1_c_addsub_0_0 -part xc7a35ticsg324-1L -mode out_of_context
Starting synth_design
Attempting to get a license for feature 'Synthesis' and/or device 'xc7a35ti'
INFO: [Common 17-349] Got license for feature 'Synthesis' and/or device 'xc7a35ti'
INFO: Launching helper process for spawning children vivado processes
INFO: Helper process launched with PID 21444 
---------------------------------------------------------------------------------
Starting RTL Elaboration : Time (s): cpu = 00:00:04 ; elapsed = 00:00:04 . Memory (MB): peak = 403.105 ; gain = 98.477
---------------------------------------------------------------------------------
INFO: [Synth 8-638] synthesizing module 'design_1_c_addsub_0_0' [c:/RaulEsteban/DIgitalDesigns/Xilinx/Load_Sim/Load_Sim.srcs/sources_1/bd/design_1/ip/design_1_c_addsub_0_0/synth/design_1_c_addsub_0_0.vhd:67]
	Parameter C_VERBOSITY bound to: 0 - type: integer 
	Parameter C_XDEVICEFAMILY bound to: artix7 - type: string 
	Parameter C_IMPLEMENTATION bound to: 0 - type: integer 
	Parameter C_A_WIDTH bound to: 12 - type: integer 
	Parameter C_B_WIDTH bound to: 12 - type: integer 
	Parameter C_OUT_WIDTH bound to: 12 - type: integer 
	Parameter C_CE_OVERRIDES_SCLR bound to: 0 - type: integer 
	Parameter C_A_TYPE bound to: 1 - type: integer 
	Parameter C_B_TYPE bound to: 1 - type: integer 
	Parameter C_LATENCY bound to: 1 - type: integer 
	Parameter C_ADD_MODE bound to: 0 - type: integer 
	Parameter C_B_CONSTANT bound to: 1 - type: integer 
	Parameter C_B_VALUE bound to: 011111111111 - type: string 
	Parameter C_AINIT_VAL bound to: 0 - type: string 
	Parameter C_SINIT_VAL bound to: 0 - type: string 
	Parameter C_CE_OVERRIDES_BYPASS bound to: 1 - type: integer 
	Parameter C_BYPASS_LOW bound to: 0 - type: integer 
	Parameter C_SCLR_OVERRIDES_SSET bound to: 1 - type: integer 
	Parameter C_HAS_C_IN bound to: 0 - type: integer 
	Parameter C_HAS_C_OUT bound to: 0 - type: integer 
	Parameter C_BORROW_LOW bound to: 1 - type: integer 
	Parameter C_HAS_CE bound to: 0 - type: integer 
	Parameter C_HAS_BYPASS bound to: 0 - type: integer 
	Parameter C_HAS_SCLR bound to: 0 - type: integer 
	Parameter C_HAS_SSET bound to: 0 - type: integer 
	Parameter C_HAS_SINIT bound to: 0 - type: integer 
INFO: [Synth 8-3491] module 'c_addsub_v12_0_12' declared at 'c:/RaulEsteban/DIgitalDesigns/Xilinx/Load_Sim/Load_Sim.srcs/sources_1/bd/design_1/ipshared/7f1a/hdl/c_addsub_v12_0_vh_rfs.vhd:7026' bound to instance 'U0' of component 'c_addsub_v12_0_12' [c:/RaulEsteban/DIgitalDesigns/Xilinx/Load_Sim/Load_Sim.srcs/sources_1/bd/design_1/ip/design_1_c_addsub_0_0/synth/design_1_c_addsub_0_0.vhd:131]
INFO: [Synth 8-256] done synthesizing module 'design_1_c_addsub_0_0' (7#1) [c:/RaulEsteban/DIgitalDesigns/Xilinx/Load_Sim/Load_Sim.srcs/sources_1/bd/design_1/ip/design_1_c_addsub_0_0/synth/design_1_c_addsub_0_0.vhd:67]
WARNING: [Synth 8-3331] design c_reg_fd_v12_0_5_viv has unconnected port CE
WARNING: [Synth 8-3331] design c_reg_fd_v12_0_5_viv has unconnected port AINIT
WARNING: [Synth 8-3331] design c_reg_fd_v12_0_5_viv has unconnected port ACLR
WARNING: [Synth 8-3331] design c_reg_fd_v12_0_5_viv has unconnected port ASET
WARNING: [Synth 8-3331] design c_reg_fd_v12_0_5_viv has unconnected port SINIT
WARNING: [Synth 8-3331] design c_reg_fd_v12_0_5_viv has unconnected port SCLR
WARNING: [Synth 8-3331] design c_reg_fd_v12_0_5_viv has unconnected port SSET
WARNING: [Synth 8-3331] design c_addsub_v12_0_12_lut6_legacy has unconnected port b[11]
WARNING: [Synth 8-3331] design c_addsub_v12_0_12_lut6_legacy has unconnected port b[10]
WARNING: [Synth 8-3331] design c_addsub_v12_0_12_lut6_legacy has unconnected port b[9]
WARNING: [Synth 8-3331] design c_addsub_v12_0_12_lut6_legacy has unconnected port b[8]
WARNING: [Synth 8-3331] design c_addsub_v12_0_12_lut6_legacy has unconnected port b[7]
WARNING: [Synth 8-3331] design c_addsub_v12_0_12_lut6_legacy has unconnected port b[6]
WARNING: [Synth 8-3331] design c_addsub_v12_0_12_lut6_legacy has unconnected port b[5]
WARNING: [Synth 8-3331] design c_addsub_v12_0_12_lut6_legacy has unconnected port b[4]
WARNING: [Synth 8-3331] design c_addsub_v12_0_12_lut6_legacy has unconnected port b[3]
WARNING: [Synth 8-3331] design c_addsub_v12_0_12_lut6_legacy has unconnected port b[2]
WARNING: [Synth 8-3331] design c_addsub_v12_0_12_lut6_legacy has unconnected port b[1]
WARNING: [Synth 8-3331] design c_addsub_v12_0_12_lut6_legacy has unconnected port b[0]
WARNING: [Synth 8-3331] design c_addsub_v12_0_12_lut6_legacy has unconnected port add
WARNING: [Synth 8-3331] design c_addsub_v12_0_12_lut6_legacy has unconnected port c_in
WARNING: [Synth 8-3331] design c_addsub_v12_0_12_lut6_legacy has unconnected port ce
WARNING: [Synth 8-3331] design c_addsub_v12_0_12_lut6_legacy has unconnected port bypass
WARNING: [Synth 8-3331] design c_addsub_v12_0_12_lut6_legacy has unconnected port sclr
WARNING: [Synth 8-3331] design c_addsub_v12_0_12_lut6_legacy has unconnected port sset
WARNING: [Synth 8-3331] design c_addsub_v12_0_12_lut6_legacy has unconnected port sinit
WARNING: [Synth 8-3331] design c_addsub_v12_0_12_legacy has unconnected port c_in
WARNING: [Synth 8-3331] design c_addsub_v12_0_12_legacy has unconnected port b_in
WARNING: [Synth 8-3331] design c_addsub_v12_0_12_legacy has unconnected port a_signed
WARNING: [Synth 8-3331] design c_addsub_v12_0_12_legacy has unconnected port b_signed
WARNING: [Synth 8-3331] design c_addsub_v12_0_12_viv has unconnected port C_IN
---------------------------------------------------------------------------------
Finished RTL Elaboration : Time (s): cpu = 00:00:05 ; elapsed = 00:00:06 . Memory (MB): peak = 464.039 ; gain = 159.410
---------------------------------------------------------------------------------

Report Check Netlist: 
+------+------------------+-------+---------+-------+------------------+
|      |Item              |Errors |Warnings |Status |Description       |
+------+------------------+-------+---------+-------+------------------+
|1     |multi_driven_nets |      0|        0|Passed |Multi driven nets |
+------+------------------+-------+---------+-------+------------------+
---------------------------------------------------------------------------------
Start Handling Custom Attributes
---------------------------------------------------------------------------------
---------------------------------------------------------------------------------
Finished Handling Custom Attributes : Time (s): cpu = 00:00:05 ; elapsed = 00:00:06 . Memory (MB): peak = 464.039 ; gain = 159.410
---------------------------------------------------------------------------------
---------------------------------------------------------------------------------
Finished RTL Optimization Phase 1 : Time (s): cpu = 00:00:05 ; elapsed = 00:00:06 . Memory (MB): peak = 464.039 ; gain = 159.410
---------------------------------------------------------------------------------
INFO: [Netlist 29-17] Analyzing 23 Unisim elements for replacement
INFO: [Netlist 29-28] Unisim Transformation completed in 0 CPU seconds
INFO: [Device 21-403] Loading part xc7a35ticsg324-1L
INFO: [Project 1-570] Preparing netlist for logic optimization

Processing XDC Constraints
Initializing timing engine
Parsing XDC File [c:/RaulEsteban/DIgitalDesigns/Xilinx/Load_Sim/Load_Sim.srcs/sources_1/bd/design_1/ip/design_1_c_addsub_0_0/design_1_c_addsub_0_0_ooc.xdc] for cell 'U0'
Finished Parsing XDC File [c:/RaulEsteban/DIgitalDesigns/Xilinx/Load_Sim/Load_Sim.srcs/sources_1/bd/design_1/ip/design_1_c_addsub_0_0/design_1_c_addsub_0_0_ooc.xdc] for cell 'U0'
Parsing XDC File [C:/RaulEsteban/DIgitalDesigns/Xilinx/Load_Sim/Load_Sim.runs/design_1_c_addsub_0_0_synth_1/dont_touch.xdc]
Finished Parsing XDC File [C:/RaulEsteban/DIgitalDesigns/Xilinx/Load_Sim/Load_Sim.runs/design_1_c_addsub_0_0_synth_1/dont_touch.xdc]
Completed Processing XDC Constraints

INFO: [Project 1-111] Unisim Transformation Summary:
No Unisim elements were transformed.

Constraint Validation Runtime : Time (s): cpu = 00:00:00 ; elapsed = 00:00:00.015 . Memory (MB): peak = 740.152 ; gain = 1.566
---------------------------------------------------------------------------------
Finished Constraint Validation : Time (s): cpu = 00:00:11 ; elapsed = 00:00:13 . Memory (MB): peak = 740.152 ; gain = 435.523
---------------------------------------------------------------------------------
---------------------------------------------------------------------------------
Start Loading Part and Timing Information
---------------------------------------------------------------------------------
Loading part: xc7a35ticsg324-1L
---------------------------------------------------------------------------------
Finished Loading Part and Timing Information : Time (s): cpu = 00:00:12 ; elapsed = 00:00:13 . Memory (MB): peak = 740.152 ; gain = 435.523
---------------------------------------------------------------------------------
---------------------------------------------------------------------------------
Start Applying 'set_property' XDC Constraints
---------------------------------------------------------------------------------
Applied set_property DONT_TOUCH = true for U0. (constraint file  C:/RaulEsteban/DIgitalDesigns/Xilinx/Load_Sim/Load_Sim.runs/design_1_c_addsub_0_0_synth_1/dont_touch.xdc, line 9).
---------------------------------------------------------------------------------
Finished applying 'set_property' XDC Constraints : Time (s): cpu = 00:00:12 ; elapsed = 00:00:13 . Memory (MB): peak = 740.152 ; gain = 435.523
---------------------------------------------------------------------------------
---------------------------------------------------------------------------------
Finished RTL Optimization Phase 2 : Time (s): cpu = 00:00:12 ; elapsed = 00:00:13 . Memory (MB): peak = 740.152 ; gain = 435.523
---------------------------------------------------------------------------------

Report RTL Partitions: 
+-+--------------+------------+----------+
| |RTL Partition |Replication |Instances |
+-+--------------+------------+----------+
+-+--------------+------------+----------+
---------------------------------------------------------------------------------
Start RTL Component Statistics 
---------------------------------------------------------------------------------
---------------------------------------------------------------------------------
Finished RTL Component Statistics 
---------------------------------------------------------------------------------
---------------------------------------------------------------------------------
Start RTL Hierarchical Component Statistics 
---------------------------------------------------------------------------------
---------------------------------------------------------------------------------
Finished RTL Hierarchical Component Statistics
---------------------------------------------------------------------------------
---------------------------------------------------------------------------------
Start Part Resource Summary
---------------------------------------------------------------------------------
Part Resources:
DSPs: 90 (col length:60)
BRAMs: 100 (col length: RAMB18 60 RAMB36 30)
---------------------------------------------------------------------------------
Finished Part Resource Summary
---------------------------------------------------------------------------------
---------------------------------------------------------------------------------
Start Cross Boundary and Area Optimization
---------------------------------------------------------------------------------
Warning: Parallel synthesis criteria is not met 
WARNING: [Synth 8-3331] design c_addsub_v12_0_12_viv has unconnected port B[11]
WARNING: [Synth 8-3331] design c_addsub_v12_0_12_viv has unconnected port B[10]
WARNING: [Synth 8-3331] design c_addsub_v12_0_12_viv has unconnected port B[9]
WARNING: [Synth 8-3331] design c_addsub_v12_0_12_viv has unconnected port B[8]
WARNING: [Synth 8-3331] design c_addsub_v12_0_12_viv has unconnected port B[7]
WARNING: [Synth 8-3331] design c_addsub_v12_0_12_viv has unconnected port B[6]
WARNING: [Synth 8-3331] design c_addsub_v12_0_12_viv has unconnected port B[5]
WARNING: [Synth 8-3331] design c_addsub_v12_0_12_viv has unconnected port B[4]
WARNING: [Synth 8-3331] design c_addsub_v12_0_12_viv has unconnected port B[3]
WARNING: [Synth 8-3331] design c_addsub_v12_0_12_viv has unconnected port B[2]
WARNING: [Synth 8-3331] design c_addsub_v12_0_12_viv has unconnected port B[1]
WARNING: [Synth 8-3331] design c_addsub_v12_0_12_viv has unconnected port B[0]
WARNING: [Synth 8-3331] design c_addsub_v12_0_12_viv has unconnected port ADD
WARNING: [Synth 8-3331] design c_addsub_v12_0_12_viv has unconnected port C_IN
WARNING: [Synth 8-3331] design c_addsub_v12_0_12_viv has unconnected port CE
WARNING: [Synth 8-3331] design c_addsub_v12_0_12_viv has unconnected port BYPASS
WARNING: [Synth 8-3331] design c_addsub_v12_0_12_viv has unconnected port SCLR
WARNING: [Synth 8-3331] design c_addsub_v12_0_12_viv has unconnected port SSET
WARNING: [Synth 8-3331] design c_addsub_v12_0_12_viv has unconnected port SINIT
---------------------------------------------------------------------------------
Finished Cross Boundary and Area Optimization : Time (s): cpu = 00:00:12 ; elapsed = 00:00:14 . Memory (MB): peak = 740.152 ; gain = 435.523
---------------------------------------------------------------------------------

Report RTL Partitions: 
+-+--------------+------------+----------+
| |RTL Partition |Replication |Instances |
+-+--------------+------------+----------+
+-+--------------+------------+----------+
---------------------------------------------------------------------------------
Start Applying XDC Timing Constraints
---------------------------------------------------------------------------------
---------------------------------------------------------------------------------
Finished Applying XDC Timing Constraints : Time (s): cpu = 00:00:18 ; elapsed = 00:00:21 . Memory (MB): peak = 759.539 ; gain = 454.910
---------------------------------------------------------------------------------
---------------------------------------------------------------------------------
Start Timing Optimization
---------------------------------------------------------------------------------
---------------------------------------------------------------------------------
Finished Timing Optimization : Time (s): cpu = 00:00:18 ; elapsed = 00:00:21 . Memory (MB): peak = 759.539 ; gain = 454.910
---------------------------------------------------------------------------------

Report RTL Partitions: 
+-+--------------+------------+----------+
| |RTL Partition |Replication |Instances |
+-+--------------+------------+----------+
+-+--------------+------------+----------+
---------------------------------------------------------------------------------
Start Technology Mapping
---------------------------------------------------------------------------------
---------------------------------------------------------------------------------
Finished Technology Mapping : Time (s): cpu = 00:00:18 ; elapsed = 00:00:21 . Memory (MB): peak = 769.070 ; gain = 464.441
---------------------------------------------------------------------------------

Report RTL Partitions: 
+-+--------------+------------+----------+
| |RTL Partition |Replication |Instances |
+-+--------------+------------+----------+
+-+--------------+------------+----------+
---------------------------------------------------------------------------------
Start IO Insertion
---------------------------------------------------------------------------------
---------------------------------------------------------------------------------
Start Flattening Before IO Insertion
---------------------------------------------------------------------------------
---------------------------------------------------------------------------------
Finished Flattening Before IO Insertion
---------------------------------------------------------------------------------
---------------------------------------------------------------------------------
Start Final Netlist Cleanup
---------------------------------------------------------------------------------
---------------------------------------------------------------------------------
Finished Final Netlist Cleanup
---------------------------------------------------------------------------------
---------------------------------------------------------------------------------
Finished IO Insertion : Time (s): cpu = 00:00:19 ; elapsed = 00:00:22 . Memory (MB): peak = 769.070 ; gain = 464.441
---------------------------------------------------------------------------------

Report Check Netlist: 
+------+------------------+-------+---------+-------+------------------+
|      |Item              |Errors |Warnings |Status |Description       |
+------+------------------+-------+---------+-------+------------------+
|1     |multi_driven_nets |      0|        0|Passed |Multi driven nets |
+------+------------------+-------+---------+-------+------------------+
---------------------------------------------------------------------------------
Start Renaming Generated Instances
---------------------------------------------------------------------------------
---------------------------------------------------------------------------------
Finished Renaming Generated Instances : Time (s): cpu = 00:00:19 ; elapsed = 00:00:22 . Memory (MB): peak = 769.070 ; gain = 464.441
---------------------------------------------------------------------------------

Report RTL Partitions: 
+-+--------------+------------+----------+
| |RTL Partition |Replication |Instances |
+-+--------------+------------+----------+
+-+--------------+------------+----------+
---------------------------------------------------------------------------------
Start Rebuilding User Hierarchy
---------------------------------------------------------------------------------
---------------------------------------------------------------------------------
Finished Rebuilding User Hierarchy : Time (s): cpu = 00:00:19 ; elapsed = 00:00:22 . Memory (MB): peak = 769.070 ; gain = 464.441
---------------------------------------------------------------------------------
---------------------------------------------------------------------------------
Start Renaming Generated Ports
---------------------------------------------------------------------------------
---------------------------------------------------------------------------------
Finished Renaming Generated Ports : Time (s): cpu = 00:00:19 ; elapsed = 00:00:22 . Memory (MB): peak = 769.070 ; gain = 464.441
---------------------------------------------------------------------------------
---------------------------------------------------------------------------------
Start Handling Custom Attributes
---------------------------------------------------------------------------------
---------------------------------------------------------------------------------
Finished Handling Custom Attributes : Time (s): cpu = 00:00:19 ; elapsed = 00:00:22 . Memory (MB): peak = 769.070 ; gain = 464.441
---------------------------------------------------------------------------------
---------------------------------------------------------------------------------
Start Renaming Generated Nets
---------------------------------------------------------------------------------
---------------------------------------------------------------------------------
Finished Renaming Generated Nets : Time (s): cpu = 00:00:19 ; elapsed = 00:00:22 . Memory (MB): peak = 769.070 ; gain = 464.441
---------------------------------------------------------------------------------
---------------------------------------------------------------------------------
Start Writing Synthesis Report
---------------------------------------------------------------------------------

Report BlackBoxes: 
+-+--------------+----------+
| |BlackBox name |Instances |
+-+--------------+----------+
+-+--------------+----------+

Report Cell Usage: 
+------+------+------+
|      |Cell  |Count |
+------+------+------+
|1     |LUT1  |    11|
|2     |MUXCY |    11|
|3     |XORCY |    12|
|4     |FDRE  |    12|
+------+------+------+
---------------------------------------------------------------------------------
Finished Writing Synthesis Report : Time (s): cpu = 00:00:19 ; elapsed = 00:00:22 . Memory (MB): peak = 769.070 ; gain = 464.441
---------------------------------------------------------------------------------
Synthesis finished with 0 errors, 0 critical warnings and 19 warnings.
Synthesis Optimization Runtime : Time (s): cpu = 00:00:09 ; elapsed = 00:00:16 . Memory (MB): peak = 769.070 ; gain = 188.328
Synthesis Optimization Complete : Time (s): cpu = 00:00:19 ; elapsed = 00:00:22 . Memory (MB): peak = 769.070 ; gain = 464.441
INFO: [Project 1-571] Translating synthesized netlist
INFO: [Netlist 29-17] Analyzing 23 Unisim elements for replacement
INFO: [Netlist 29-28] Unisim Transformation completed in 0 CPU seconds
INFO: [Project 1-570] Preparing netlist for logic optimization
INFO: [Opt 31-138] Pushed 0 inverter(s) to 0 load pin(s).
INFO: [Project 1-111] Unisim Transformation Summary:
  A total of 3 instances were transformed.
  (MUXCY,XORCY) => CARRY4: 3 instances

INFO: [Common 17-83] Releasing license: Synthesis
16 Infos, 50 Warnings, 0 Critical Warnings and 0 Errors encountered.
synth_design completed successfully
synth_design: Time (s): cpu = 00:00:21 ; elapsed = 00:00:24 . Memory (MB): peak = 784.074 ; gain = 490.914
WARNING: [Constraints 18-5210] No constraint will be written out.
INFO: [Common 17-1381] The checkpoint 'C:/RaulEsteban/DIgitalDesigns/Xilinx/Load_Sim/Load_Sim.runs/design_1_c_addsub_0_0_synth_1/design_1_c_addsub_0_0.dcp' has been generated.
INFO: [Coretcl 2-1482] Added synthesis output to IP cache for IP c:/RaulEsteban/DIgitalDesigns/Xilinx/Load_Sim/Load_Sim.srcs/sources_1/bd/design_1/ip/design_1_c_addsub_0_0/design_1_c_addsub_0_0.xci
INFO: [Coretcl 2-1174] Renamed 6 cell refs.
WARNING: [Constraints 18-5210] No constraint will be written out.
INFO: [Common 17-1381] The checkpoint 'C:/RaulEsteban/DIgitalDesigns/Xilinx/Load_Sim/Load_Sim.runs/design_1_c_addsub_0_0_synth_1/design_1_c_addsub_0_0.dcp' has been generated.
INFO: [runtcl-4] Executing : report_utilization -file design_1_c_addsub_0_0_utilization_synth.rpt -pb design_1_c_addsub_0_0_utilization_synth.pb
report_utilization: Time (s): cpu = 00:00:00 ; elapsed = 00:00:00.017 . Memory (MB): peak = 788.445 ; gain = 0.000
INFO: [Common 17-206] Exiting Vivado at Fri Nov 16 17:23:04 2018...
