INFO: [VRFC 10-2263] Analyzing Verilog file "C:/RaulEsteban/DIgitalDesigns/Xilinx/Load_Sim/Load_Sim.ip_user_files/bd/design_1/ip/design_1_SineWave100s_0_0/sim/design_1_SineWave100s_0_0.v" into library xil_defaultlib
INFO: [VRFC 10-311] analyzing module design_1_SineWave100s_0_0
INFO: [VRFC 10-2263] Analyzing Verilog file "C:/RaulEsteban/DIgitalDesigns/Xilinx/Load_Sim/Load_Sim.ip_user_files/bd/design_1/ip/design_1_clk_wiz_0_0/design_1_clk_wiz_0_0_clk_wiz.v" into library xil_defaultlib
INFO: [VRFC 10-311] analyzing module design_1_clk_wiz_0_0_clk_wiz
INFO: [VRFC 10-2458] undeclared symbol clk_out1_design_1_clk_wiz_0_0_en_clk, assumed default net type wire [C:/RaulEsteban/DIgitalDesigns/Xilinx/Load_Sim/Load_Sim.ip_user_files/bd/design_1/ip/design_1_clk_wiz_0_0/design_1_clk_wiz_0_0_clk_wiz.v:185]
INFO: [VRFC 10-2263] Analyzing Verilog file "C:/RaulEsteban/DIgitalDesigns/Xilinx/Load_Sim/Load_Sim.ip_user_files/bd/design_1/ip/design_1_clk_wiz_0_0/design_1_clk_wiz_0_0.v" into library xil_defaultlib
INFO: [VRFC 10-311] analyzing module design_1_clk_wiz_0_0
INFO: [VRFC 10-2263] Analyzing Verilog file "C:/RaulEsteban/DIgitalDesigns/Xilinx/Load_Sim/Load_Sim.ip_user_files/bd/design_1/ip/design_1_xlconstant_0_0/sim/design_1_xlconstant_0_0.v" into library xil_defaultlib
INFO: [VRFC 10-311] analyzing module design_1_xlconstant_0_0
INFO: [VRFC 10-2263] Analyzing Verilog file "C:/RaulEsteban/DIgitalDesigns/Xilinx/Load_Sim/Load_Sim.ip_user_files/bd/design_1/ip/design_1_cargaModel_0_0/sim/design_1_cargaModel_0_0.v" into library xil_defaultlib
INFO: [VRFC 10-311] analyzing module design_1_cargaModel_0_0
INFO: [VRFC 10-2263] Analyzing Verilog file "C:/RaulEsteban/DIgitalDesigns/Xilinx/Load_Sim/Load_Sim.ip_user_files/bd/design_1/ip/design_1_xlconcat_0_0/sim/design_1_xlconcat_0_0.v" into library xil_defaultlib
INFO: [VRFC 10-311] analyzing module design_1_xlconcat_0_0
INFO: [VRFC 10-2263] Analyzing Verilog file "C:/RaulEsteban/DIgitalDesigns/Xilinx/Load_Sim/Load_Sim.ip_user_files/bd/design_1/ip/design_1_xlconstant_0_1/sim/design_1_xlconstant_0_1.v" into library xil_defaultlib
INFO: [VRFC 10-311] analyzing module design_1_xlconstant_0_1
INFO: [VRFC 10-2263] Analyzing Verilog file "C:/RaulEsteban/DIgitalDesigns/Xilinx/Load_Sim/Load_Sim.ip_user_files/bd/design_1/sim/design_1.v" into library xil_defaultlib
INFO: [VRFC 10-311] analyzing module design_1
INFO: [VRFC 10-2263] Analyzing Verilog file "C:/RaulEsteban/DIgitalDesigns/Xilinx/Load_Sim/Load_Sim.srcs/sources_1/bd/design_1/hdl/design_1_wrapper.v" into library xil_defaultlib
INFO: [VRFC 10-311] analyzing module design_1_wrapper
INFO: [VRFC 10-163] Analyzing VHDL file "C:/RaulEsteban/DIgitalDesigns/Xilinx/Load_Sim/Load_Sim.ip_user_files/bd/design_1/ip/design_1_c_addsub_0_0/sim/design_1_c_addsub_0_0.vhd" into library xil_defaultlib
INFO: [VRFC 10-307] analyzing entity design_1_c_addsub_0_0
